Build started 11/5/2014 11:53:09 PM.
     1>Project "D:\Projects\machine_learning\ForexPredictor\FPDLL\FPDLL\FPDLL.vcxproj" on node 2 (Build target(s)).
     1>ClCompile:
         C:\Program Files (x86)\Microsoft Visual Studio 12.0\VC\bin\CL.exe /c /ZI /nologo /W3 /WX- /sdl /Od /Oy- /D WIN32 /D _DEBUG /D _WINDOWS /D _USRDLL /D FPDLL_EXPORTS /D _WINDLL /D _UNICODE /D UNICODE /Gm /EHsc /RTC1 /MDd /GS /fp:precise /Zc:wchar_t /Zc:forScope /Yc"stdafx.h" /Fp"Debug\FPDLL.pch" /Fo"Debug\\" /Fd"Debug\vc120.pdb" /Gd /TP /analyze- /errorReport:prompt stdafx.cpp
         stdafx.cpp
         C:\Program Files (x86)\Microsoft Visual Studio 12.0\VC\bin\CL.exe /c /ZI /nologo /W3 /WX- /sdl /Od /Oy- /D WIN32 /D _DEBUG /D _WINDOWS /D _USRDLL /D FPDLL_EXPORTS /D _WINDLL /D _UNICODE /D UNICODE /Gm /EHsc /RTC1 /MDd /GS /fp:precise /Zc:wchar_t /Zc:forScope /Fo"Debug\\" /Fd"Debug\vc120.pdb" /Gd /TP /analyze- /errorReport:prompt dllmain.cpp
         dllmain.cpp
         C:\Program Files (x86)\Microsoft Visual Studio 12.0\VC\bin\CL.exe /c /ZI /nologo /W3 /WX- /sdl /Od /Oy- /D WIN32 /D _DEBUG /D _WINDOWS /D _USRDLL /D FPDLL_EXPORTS /D _WINDLL /D _UNICODE /D UNICODE /Gm /EHsc /RTC1 /MDd /GS /fp:precise /Zc:wchar_t /Zc:forScope /Yu"stdafx.h" /Fp"Debug\FPDLL.pch" /Fo"Debug\\" /Fd"Debug\vc120.pdb" /Gd /TP /analyze- /errorReport:prompt FPDLL.cpp main.cpp
         main.cpp
         FPDLL.cpp
     1>d:\projects\machine_learning\forexpredictor\fpdll\fpdll\fpdll.cpp(9): error C2065: 'Engine' : undeclared identifier
     1>d:\projects\machine_learning\forexpredictor\fpdll\fpdll\fpdll.cpp(9): error C2065: 'ep' : undeclared identifier
     1>d:\projects\machine_learning\forexpredictor\fpdll\fpdll\fpdll.cpp(11): error C2065: 'ep' : undeclared identifier
     1>d:\projects\machine_learning\forexpredictor\fpdll\fpdll\fpdll.cpp(11): error C3861: 'engOpen': identifier not found
     1>d:\projects\machine_learning\forexpredictor\fpdll\fpdll\fpdll.cpp(20): error C2065: 'Engine' : undeclared identifier
     1>d:\projects\machine_learning\forexpredictor\fpdll\fpdll\fpdll.cpp(20): error C2065: 'ep' : undeclared identifier
     1>d:\projects\machine_learning\forexpredictor\fpdll\fpdll\fpdll.cpp(22): error C2065: 'ep' : undeclared identifier
     1>d:\projects\machine_learning\forexpredictor\fpdll\fpdll\fpdll.cpp(22): error C3861: 'engOpen': identifier not found
     1>d:\projects\machine_learning\forexpredictor\fpdll\fpdll\fpdll.cpp(28): error C2065: 'ep' : undeclared identifier
     1>d:\projects\machine_learning\forexpredictor\fpdll\fpdll\fpdll.cpp(28): error C3861: 'engEvalString': identifier not found
     1>d:\projects\machine_learning\forexpredictor\fpdll\fpdll\fpdll.cpp(31): error C2065: 'mxArray' : undeclared identifier
     1>d:\projects\machine_learning\forexpredictor\fpdll\fpdll\fpdll.cpp(31): error C2065: 'input_X' : undeclared identifier
     1>d:\projects\machine_learning\forexpredictor\fpdll\fpdll\fpdll.cpp(31): error C2065: 'input_bid' : undeclared identifier
     1>d:\projects\machine_learning\forexpredictor\fpdll\fpdll\fpdll.cpp(31): error C2065: 'input_ask' : undeclared identifier
     1>d:\projects\machine_learning\forexpredictor\fpdll\fpdll\fpdll.cpp(31): error C2065: 'input_time' : undeclared identifier
     1>d:\projects\machine_learning\forexpredictor\fpdll\fpdll\fpdll.cpp(32): error C2065: 'input_X' : undeclared identifier
     1>d:\projects\machine_learning\forexpredictor\fpdll\fpdll\fpdll.cpp(32): error C2065: 'mxREAL' : undeclared identifier
     1>d:\projects\machine_learning\forexpredictor\fpdll\fpdll\fpdll.cpp(32): error C3861: 'mxCreateDoubleMatrix': identifier not found
     1>d:\projects\machine_learning\forexpredictor\fpdll\fpdll\fpdll.cpp(34): error C2065: 'ep' : undeclared identifier
     1>d:\projects\machine_learning\forexpredictor\fpdll\fpdll\fpdll.cpp(34): error C2065: 'input_X' : undeclared identifier
     1>d:\projects\machine_learning\forexpredictor\fpdll\fpdll\fpdll.cpp(34): error C3861: 'engPutVariable': identifier not found
     1>d:\projects\machine_learning\forexpredictor\fpdll\fpdll\fpdll.cpp(37): error C2065: 'ep' : undeclared identifier
     1>d:\projects\machine_learning\forexpredictor\fpdll\fpdll\fpdll.cpp(37): error C3861: 'engEvalString': identifier not found
     1>d:\projects\machine_learning\forexpredictor\fpdll\fpdll\fpdll.cpp(52): error C2065: 'Engine' : undeclared identifier
     1>d:\projects\machine_learning\forexpredictor\fpdll\fpdll\fpdll.cpp(52): error C2065: 'ep' : undeclared identifier
     1>d:\projects\machine_learning\forexpredictor\fpdll\fpdll\fpdll.cpp(64): error C2065: 'ep' : undeclared identifier
     1>d:\projects\machine_learning\forexpredictor\fpdll\fpdll\fpdll.cpp(64): error C3861: 'engOpen': identifier not found
     1>d:\projects\machine_learning\forexpredictor\fpdll\fpdll\fpdll.cpp(69): error C2065: 'mxArray' : undeclared identifier
     1>d:\projects\machine_learning\forexpredictor\fpdll\fpdll\fpdll.cpp(69): error C2065: 'T' : undeclared identifier
     1>d:\projects\machine_learning\forexpredictor\fpdll\fpdll\fpdll.cpp(69): error C2065: 'result' : undeclared identifier
     1>d:\projects\machine_learning\forexpredictor\fpdll\fpdll\fpdll.cpp(72): error C2065: 'ep' : undeclared identifier
     1>d:\projects\machine_learning\forexpredictor\fpdll\fpdll\fpdll.cpp(72): error C3861: 'engEvalString': identifier not found
     1>d:\projects\machine_learning\forexpredictor\fpdll\fpdll\fpdll.cpp(73): error C2065: 'ep' : undeclared identifier
     1>d:\projects\machine_learning\forexpredictor\fpdll\fpdll\fpdll.cpp(73): error C3861: 'engEvalString': identifier not found
     1>d:\projects\machine_learning\forexpredictor\fpdll\fpdll\fpdll.cpp(74): error C2065: 'mxArray' : undeclared identifier
     1>d:\projects\machine_learning\forexpredictor\fpdll\fpdll\fpdll.cpp(74): error C2065: 'ans' : undeclared identifier
     1>d:\projects\machine_learning\forexpredictor\fpdll\fpdll\fpdll.cpp(74): error C2065: 'ep' : undeclared identifier
     1>d:\projects\machine_learning\forexpredictor\fpdll\fpdll\fpdll.cpp(74): error C3861: 'engGetVariable': identifier not found
     1>d:\projects\machine_learning\forexpredictor\fpdll\fpdll\fpdll.cpp(75): error C2065: 'ans' : undeclared identifier
     1>d:\projects\machine_learning\forexpredictor\fpdll\fpdll\fpdll.cpp(75): error C3861: 'mxGetPr': identifier not found
         Generating Code...
     1>Done Building Project "D:\Projects\machine_learning\ForexPredictor\FPDLL\FPDLL\FPDLL.vcxproj" (Build target(s)) -- FAILED.

Build FAILED.

Time Elapsed 00:00:02.05
